Using pre-set license
Built from '2020.3/staging' branch; Version is '2020.3.28f1 (f5400f52e03f) revision 16072719'; Using compiler version '192528614'; Build Type 'Release'
OS: 'Windows 11  (10.0.22000) 64bit Professional' Language: 'en' Physical Memory: 24527 MB
BatchMode: 1, IsHumanControllingUs: 0, StartBugReporterOnCrash: 0, Is64bit: 1, IsPro: 0

COMMAND LINE ARGUMENTS:
C:\Program Files\Unity\Hub\Editor\2020.3.28f1\Editor\Unity.exe
-adb2
-batchMode
-noUpm
-name
AssetImportWorker0
-projectPath
J:/Project Folder/Idle Miner
-logFile
Logs/AssetImportWorker0.log
-srvPort
61080
Successfully changed project path to: J:/Project Folder/Idle Miner
J:/Project Folder/Idle Miner
Using Asset Import Pipeline V2.
Refreshing native plugins compatible for Editor in 62.41 ms, found 3 plugins.
Preloading 0 native plugins for Editor in 0.00 ms.
Initialize engine version: 2020.3.28f1 (f5400f52e03f)
[Subsystems] Discovering subsystems at path C:/Program Files/Unity/Hub/Editor/2020.3.28f1/Editor/Data/Resources/UnitySubsystems
[Subsystems] Discovering subsystems at path J:/Project Folder/Idle Miner/Assets
GfxDevice: creating device client; threaded=0
Direct3D:
    Version:  Direct3D 11.0 [level 11.1]
    Renderer: NVIDIA GeForce GTX 1080 (ID=0x1b80)
    Vendor:   
    VRAM:     8079 MB
    Driver:   30.0.15.1179
Initialize mono
Mono path[0] = 'C:/Program Files/Unity/Hub/Editor/2020.3.28f1/Editor/Data/Managed'
Mono path[1] = 'C:/Program Files/Unity/Hub/Editor/2020.3.28f1/Editor/Data/MonoBleedingEdge/lib/mono/unityjit'
Mono config path = 'C:/Program Files/Unity/Hub/Editor/2020.3.28f1/Editor/Data/MonoBleedingEdge/etc'
Using monoOptions --debugger-agent=transport=dt_socket,embedding=1,server=y,suspend=n,address=127.0.0.1:56148
Begin MonoManager ReloadAssembly
Registering precompiled unity dll's ...
Register platform support module: C:/Program Files/Unity/Hub/Editor/2020.3.28f1/Editor/Data/PlaybackEngines/WebGLSupport/UnityEditor.WebGL.Extensions.dll
Register platform support module: C:/Program Files/Unity/Hub/Editor/2020.3.28f1/Editor/Data/PlaybackEngines/WindowsStandaloneSupport/UnityEditor.WindowsStandalone.Extensions.dll
Registered in 0.002721 seconds.
Native extension for WindowsStandalone target not found
Native extension for WebGL target not found
Refreshing native plugins compatible for Editor in 63.47 ms, found 3 plugins.
Preloading 0 native plugins for Editor in 0.00 ms.
Mono: successfully reloaded assembly
- Completed reload, in  0.779 seconds
Domain Reload Profiling:
	ReloadAssembly (780ms)
		BeginReloadAssembly (76ms)
			ExecutionOrderSort (0ms)
			DisableScriptedObjects (0ms)
			BackupInstance (0ms)
			ReleaseScriptingObjects (0ms)
			CreateAndSetChildDomain (1ms)
		EndReloadAssembly (611ms)
			LoadAssemblies (74ms)
			RebuildTransferFunctionScriptingTraits (0ms)
			SetupTypeCache (190ms)
			ReleaseScriptCaches (0ms)
			RebuildScriptCaches (38ms)
			SetupLoadedEditorAssemblies (244ms)
				LogAssemblyErrors (0ms)
				InitializePlatformSupportModulesInManaged (6ms)
				SetLoadedEditorAssemblies (0ms)
				RefreshPlugins (64ms)
				BeforeProcessingInitializeOnLoad (18ms)
				ProcessInitializeOnLoadAttributes (115ms)
				ProcessInitializeOnLoadMethodAttributes (40ms)
				AfterProcessingInitializeOnLoad (0ms)
				EditorAssembliesLoaded (0ms)
			ExecutionOrderSort2 (0ms)
			AwakeInstancesAfterBackupRestoration (0ms)
Platform modules already initialized, skipping
Registering precompiled user dll's ...
Registered in 0.003130 seconds.
Begin MonoManager ReloadAssembly
Native extension for WindowsStandalone target not found
Native extension for WebGL target not found
Refreshing native plugins compatible for Editor in 62.70 ms, found 3 plugins.
Preloading 0 native plugins for Editor in 0.00 ms.
Mono: successfully reloaded assembly
- Completed reload, in  1.447 seconds
Domain Reload Profiling:
	ReloadAssembly (1448ms)
		BeginReloadAssembly (189ms)
			ExecutionOrderSort (0ms)
			DisableScriptedObjects (6ms)
			BackupInstance (0ms)
			ReleaseScriptingObjects (0ms)
			CreateAndSetChildDomain (24ms)
		EndReloadAssembly (1178ms)
			LoadAssemblies (122ms)
			RebuildTransferFunctionScriptingTraits (0ms)
			SetupTypeCache (376ms)
			ReleaseScriptCaches (1ms)
			RebuildScriptCaches (65ms)
			SetupLoadedEditorAssemblies (457ms)
				LogAssemblyErrors (0ms)
				InitializePlatformSupportModulesInManaged (5ms)
				SetLoadedEditorAssemblies (0ms)
				RefreshPlugins (63ms)
				BeforeProcessingInitializeOnLoad (107ms)
				ProcessInitializeOnLoadAttributes (252ms)
				ProcessInitializeOnLoadMethodAttributes (22ms)
				AfterProcessingInitializeOnLoad (8ms)
				EditorAssembliesLoaded (0ms)
			ExecutionOrderSort2 (0ms)
			AwakeInstancesAfterBackupRestoration (9ms)
Platform modules already initialized, skipping
========================================================================
Worker process is ready to serve import requests
Launched and connected shader compiler UnityShaderCompiler.exe after 0.05 seconds
Refreshing native plugins compatible for Editor in 0.61 ms, found 3 plugins.
Preloading 0 native plugins for Editor in 0.00 ms.
Unloading 2257 Unused Serialized files (Serialized files now loaded: 0)
System memory in use before: 99.5 MB.
System memory in use after: 99.6 MB.

Unloading 29 unused Assets to reduce memory usage. Loaded Objects now: 2696.
Total: 4.000700 ms (FindLiveObjects: 0.246800 ms CreateObjectMapping: 0.082900 ms MarkObjects: 3.545000 ms  DeleteObjects: 0.124700 ms)

AssetImportParameters requested are different than current active one (requested -> active):
  custom:framework-win-MediaFoundation: 216162199b28c13a410421893ffa2e32 -> 
  custom:video-decoder-ogg-theora: a1e56fd34408186e4bbccfd4996cb3dc -> 
  custom:container-muxer-webm: aa71ff27fc2769a1b78a27578f13a17b -> 
  custom:container-demuxer-webm: 4f35f7cbe854078d1ac9338744f61a02 -> 
  custom:container-demuxer-ogg: 62fdf1f143b41e24485cea50d1cbac27 -> 
  custom:video-encoder-webm-vp8: eb34c28f22e8b96e1ab97ce403110664 -> 
  custom:video-decoder-webm-vp8: 9c59270c3fd7afecdb556c50c9e8de78 -> 
  custom:audio-decoder-ogg-vorbis: bf7c407c2cedff20999df2af8eb42d56 -> 
  custom:audio-encoder-webm-vorbis: bf7c407c2cedff20999df2af8eb42d56 -> 
========================================================================
Received Import Request.
  path: Assets/Sprites/Sprites/miner 1.png
  artifactKey: Guid(87d9e6fa57a9e104f974b0ee34c875b3) Importer(815301076,1909f56bfc062723c751e8b465ee728b)
Start importing Assets/Sprites/Sprites/miner 1.png using Guid(87d9e6fa57a9e104f974b0ee34c875b3) Importer(815301076,1909f56bfc062723c751e8b465ee728b)  -> (artifact id: '0aa43aba9f4e9a79be57cbe8f5102f18') in 0.150915 seconds 
  Import took 0.155050 seconds .

========================================================================
Received Import Request.
  Time since last request: 88.619433 seconds.
  path: Assets/Sprites/Sprites/miner 1.png
  artifactKey: Guid(87d9e6fa57a9e104f974b0ee34c875b3) Importer(815301076,1909f56bfc062723c751e8b465ee728b)
Start importing Assets/Sprites/Sprites/miner 1.png using Guid(87d9e6fa57a9e104f974b0ee34c875b3) Importer(815301076,1909f56bfc062723c751e8b465ee728b)  -> (artifact id: 'c8e56dd0450ed23aa5e067e0209c7f41') in 0.018748 seconds 
  Import took 0.023267 seconds .

========================================================================
Received Import Request.
  Time since last request: 92.786436 seconds.
  path: Assets/Sprites/Sprites/miner 1.png
  artifactKey: Guid(87d9e6fa57a9e104f974b0ee34c875b3) Importer(815301076,1909f56bfc062723c751e8b465ee728b)
Start importing Assets/Sprites/Sprites/miner 1.png using Guid(87d9e6fa57a9e104f974b0ee34c875b3) Importer(815301076,1909f56bfc062723c751e8b465ee728b)  -> (artifact id: '1e5a7ff3d64135cdc15e608cbf2a6ba9') in 0.020616 seconds 
  Import took 0.025331 seconds .

========================================================================
Received Import Request.
  Time since last request: 57.253518 seconds.
  path: Assets/Sprites/Sprites/miner 1.png
  artifactKey: Guid(87d9e6fa57a9e104f974b0ee34c875b3) Importer(815301076,1909f56bfc062723c751e8b465ee728b)
Start importing Assets/Sprites/Sprites/miner 1.png using Guid(87d9e6fa57a9e104f974b0ee34c875b3) Importer(815301076,1909f56bfc062723c751e8b465ee728b)  -> (artifact id: 'f50da95fb49b6f24b024a0d2d8820c5c') in 0.022852 seconds 
  Import took 0.027615 seconds .

========================================================================
Received Import Request.
  Time since last request: 12.868744 seconds.
  path: Assets/Sprites/Sprites/Miner.png
  artifactKey: Guid(87d9e6fa57a9e104f974b0ee34c875b3) Importer(815301076,1909f56bfc062723c751e8b465ee728b)
Start importing Assets/Sprites/Sprites/Miner.png using Guid(87d9e6fa57a9e104f974b0ee34c875b3) Importer(815301076,1909f56bfc062723c751e8b465ee728b)  -> (artifact id: '0b40041d4a92eb6f1aa33268ba3b4f27') in 0.017608 seconds 
  Import took 0.022349 seconds .

========================================================================
Received Import Request.
  Time since last request: 122.313633 seconds.
  path: Assets/Sprites/Sprites/Manager.png
  artifactKey: Guid(69198392008abe6438291dd6a0a5646a) Importer(815301076,1909f56bfc062723c751e8b465ee728b)
Start importing Assets/Sprites/Sprites/Manager.png using Guid(69198392008abe6438291dd6a0a5646a) Importer(815301076,1909f56bfc062723c751e8b465ee728b)  -> (artifact id: 'fe31bde725e64213eafa7e95206cdb82') in 0.021777 seconds 
  Import took 0.026413 seconds .

========================================================================
Received Import Request.
  Time since last request: 0.000294 seconds.
  path: Assets/Sprites/Sprites/Miner_Elevator.png
  artifactKey: Guid(66968d70cd7099d4da38a88cbb90da67) Importer(815301076,1909f56bfc062723c751e8b465ee728b)
Start importing Assets/Sprites/Sprites/Miner_Elevator.png using Guid(66968d70cd7099d4da38a88cbb90da67) Importer(815301076,1909f56bfc062723c751e8b465ee728b)  -> (artifact id: 'cbb86bb1f04475551c89e59a93ce97cc') in 0.019378 seconds 
  Import took 0.023400 seconds .

========================================================================
Received Import Request.
  Time since last request: 0.000233 seconds.
  path: Assets/Sprites/Sprites/Warehouse_Miner.png
  artifactKey: Guid(5d391c27ae3547f4f8deb1a8c1a1fdb4) Importer(815301076,1909f56bfc062723c751e8b465ee728b)
Start importing Assets/Sprites/Sprites/Warehouse_Miner.png using Guid(5d391c27ae3547f4f8deb1a8c1a1fdb4) Importer(815301076,1909f56bfc062723c751e8b465ee728b)  -> (artifact id: '11547d830e07e08aee85eb7ebd4533d3') in 0.021747 seconds 
  Import took 0.026250 seconds .

========================================================================
Received Import Request.
  Time since last request: 57.796126 seconds.
  path: Assets/Sprites/Sprites/Miner.png
  artifactKey: Guid(87d9e6fa57a9e104f974b0ee34c875b3) Importer(815301076,1909f56bfc062723c751e8b465ee728b)
Start importing Assets/Sprites/Sprites/Miner.png using Guid(87d9e6fa57a9e104f974b0ee34c875b3) Importer(815301076,1909f56bfc062723c751e8b465ee728b)  -> (artifact id: '20853493e03bd108854984e1907398b7') in 0.018564 seconds 
  Import took 0.022817 seconds .

========================================================================
Received Import Request.
  Time since last request: 140.485181 seconds.
  path: Assets/Sprites/Sprites/Miner.png
  artifactKey: Guid(87d9e6fa57a9e104f974b0ee34c875b3) Importer(815301076,1909f56bfc062723c751e8b465ee728b)
Start importing Assets/Sprites/Sprites/Miner.png using Guid(87d9e6fa57a9e104f974b0ee34c875b3) Importer(815301076,1909f56bfc062723c751e8b465ee728b)  -> (artifact id: '6e39d3ea47c16a0fa8ac606286eab037') in 0.017392 seconds 
  Import took 0.021906 seconds .

========================================================================
Received Import Request.
  Time since last request: 1895.976557 seconds.
  path: Assets/Sprites/Sprites/Shovel.png
  artifactKey: Guid(0df1ffbae69bcf34ab6dde178276cdb1) Importer(815301076,1909f56bfc062723c751e8b465ee728b)
Start importing Assets/Sprites/Sprites/Shovel.png using Guid(0df1ffbae69bcf34ab6dde178276cdb1) Importer(815301076,1909f56bfc062723c751e8b465ee728b)  -> (artifact id: '59d0246b6c43ac8056d8c97f2c5de32c') in 0.029068 seconds 
  Import took 0.033561 seconds .

========================================================================
Received Import Request.
  Time since last request: 179.527477 seconds.
  path: ProjectSettings/TagManager.asset
  artifactKey: Guid(00000000000000003000000000000000) Importer(815301076,1909f56bfc062723c751e8b465ee728b)
Start importing ProjectSettings/TagManager.asset using Guid(00000000000000003000000000000000) Importer(815301076,1909f56bfc062723c751e8b465ee728b)  -> (artifact id: '95df672b4aaba54310d34c83eef51bb8') in 0.012673 seconds 
  Import took 0.016893 seconds .

