Using pre-set license
Built from '2020.3/staging' branch; Version is '2020.3.28f1 (f5400f52e03f) revision 16072719'; Using compiler version '192528614'; Build Type 'Release'
OS: 'Windows 11  (10.0.22000) 64bit Professional' Language: 'en' Physical Memory: 24527 MB
BatchMode: 1, IsHumanControllingUs: 0, StartBugReporterOnCrash: 0, Is64bit: 1, IsPro: 0

COMMAND LINE ARGUMENTS:
C:\Program Files\Unity\Hub\Editor\2020.3.28f1\Editor\Unity.exe
-adb2
-batchMode
-noUpm
-name
AssetImportWorker0
-projectPath
J:/Project Folder/Idle Miner
-logFile
Logs/AssetImportWorker0.log
-srvPort
62860
Successfully changed project path to: J:/Project Folder/Idle Miner
J:/Project Folder/Idle Miner
Using Asset Import Pipeline V2.
Refreshing native plugins compatible for Editor in 58.57 ms, found 3 plugins.
Preloading 0 native plugins for Editor in 0.00 ms.
Initialize engine version: 2020.3.28f1 (f5400f52e03f)
[Subsystems] Discovering subsystems at path C:/Program Files/Unity/Hub/Editor/2020.3.28f1/Editor/Data/Resources/UnitySubsystems
[Subsystems] Discovering subsystems at path J:/Project Folder/Idle Miner/Assets
GfxDevice: creating device client; threaded=0
Direct3D:
    Version:  Direct3D 11.0 [level 11.1]
    Renderer: NVIDIA GeForce GTX 1080 (ID=0x1b80)
    Vendor:   
    VRAM:     8079 MB
    Driver:   30.0.15.1179
Initialize mono
Mono path[0] = 'C:/Program Files/Unity/Hub/Editor/2020.3.28f1/Editor/Data/Managed'
Mono path[1] = 'C:/Program Files/Unity/Hub/Editor/2020.3.28f1/Editor/Data/MonoBleedingEdge/lib/mono/unityjit'
Mono config path = 'C:/Program Files/Unity/Hub/Editor/2020.3.28f1/Editor/Data/MonoBleedingEdge/etc'
Using monoOptions --debugger-agent=transport=dt_socket,embedding=1,server=y,suspend=n,address=127.0.0.1:56680
Begin MonoManager ReloadAssembly
Registering precompiled unity dll's ...
Register platform support module: C:/Program Files/Unity/Hub/Editor/2020.3.28f1/Editor/Data/PlaybackEngines/WebGLSupport/UnityEditor.WebGL.Extensions.dll
Register platform support module: C:/Program Files/Unity/Hub/Editor/2020.3.28f1/Editor/Data/PlaybackEngines/WindowsStandaloneSupport/UnityEditor.WindowsStandalone.Extensions.dll
Registered in 0.002507 seconds.
Native extension for WindowsStandalone target not found
Native extension for WebGL target not found
Refreshing native plugins compatible for Editor in 61.65 ms, found 3 plugins.
Preloading 0 native plugins for Editor in 0.00 ms.
Mono: successfully reloaded assembly
- Completed reload, in  0.757 seconds
Domain Reload Profiling:
	ReloadAssembly (758ms)
		BeginReloadAssembly (75ms)
			ExecutionOrderSort (0ms)
			DisableScriptedObjects (0ms)
			BackupInstance (0ms)
			ReleaseScriptingObjects (0ms)
			CreateAndSetChildDomain (1ms)
		EndReloadAssembly (590ms)
			LoadAssemblies (72ms)
			RebuildTransferFunctionScriptingTraits (0ms)
			SetupTypeCache (188ms)
			ReleaseScriptCaches (0ms)
			RebuildScriptCaches (38ms)
			SetupLoadedEditorAssemblies (232ms)
				LogAssemblyErrors (0ms)
				InitializePlatformSupportModulesInManaged (7ms)
				SetLoadedEditorAssemblies (0ms)
				RefreshPlugins (62ms)
				BeforeProcessingInitializeOnLoad (18ms)
				ProcessInitializeOnLoadAttributes (109ms)
				ProcessInitializeOnLoadMethodAttributes (36ms)
				AfterProcessingInitializeOnLoad (0ms)
				EditorAssembliesLoaded (0ms)
			ExecutionOrderSort2 (0ms)
			AwakeInstancesAfterBackupRestoration (0ms)
Platform modules already initialized, skipping
Registering precompiled user dll's ...
Registered in 0.003172 seconds.
Begin MonoManager ReloadAssembly
Native extension for WindowsStandalone target not found
Native extension for WebGL target not found
Refreshing native plugins compatible for Editor in 68.24 ms, found 3 plugins.
Preloading 0 native plugins for Editor in 0.00 ms.
Mono: successfully reloaded assembly
- Completed reload, in  1.416 seconds
Domain Reload Profiling:
	ReloadAssembly (1417ms)
		BeginReloadAssembly (190ms)
			ExecutionOrderSort (0ms)
			DisableScriptedObjects (7ms)
			BackupInstance (0ms)
			ReleaseScriptingObjects (0ms)
			CreateAndSetChildDomain (23ms)
		EndReloadAssembly (1146ms)
			LoadAssemblies (116ms)
			RebuildTransferFunctionScriptingTraits (0ms)
			SetupTypeCache (367ms)
			ReleaseScriptCaches (1ms)
			RebuildScriptCaches (58ms)
			SetupLoadedEditorAssemblies (450ms)
				LogAssemblyErrors (0ms)
				InitializePlatformSupportModulesInManaged (5ms)
				SetLoadedEditorAssemblies (0ms)
				RefreshPlugins (68ms)
				BeforeProcessingInitializeOnLoad (99ms)
				ProcessInitializeOnLoadAttributes (248ms)
				ProcessInitializeOnLoadMethodAttributes (20ms)
				AfterProcessingInitializeOnLoad (8ms)
				EditorAssembliesLoaded (0ms)
			ExecutionOrderSort2 (0ms)
			AwakeInstancesAfterBackupRestoration (8ms)
Platform modules already initialized, skipping
========================================================================
Worker process is ready to serve import requests
Launched and connected shader compiler UnityShaderCompiler.exe after 0.05 seconds
Refreshing native plugins compatible for Editor in 0.70 ms, found 3 plugins.
Preloading 0 native plugins for Editor in 0.00 ms.
Unloading 2210 Unused Serialized files (Serialized files now loaded: 0)
System memory in use before: 96.2 MB.
System memory in use after: 96.2 MB.

Unloading 33 unused Assets to reduce memory usage. Loaded Objects now: 2644.
Total: 4.137800 ms (FindLiveObjects: 0.249800 ms CreateObjectMapping: 0.066100 ms MarkObjects: 3.605100 ms  DeleteObjects: 0.214900 ms)

AssetImportParameters requested are different than current active one (requested -> active):
  custom:framework-win-MediaFoundation: 216162199b28c13a410421893ffa2e32 -> 
  custom:video-decoder-ogg-theora: a1e56fd34408186e4bbccfd4996cb3dc -> 
  custom:container-muxer-webm: aa71ff27fc2769a1b78a27578f13a17b -> 
  custom:container-demuxer-webm: 4f35f7cbe854078d1ac9338744f61a02 -> 
  custom:container-demuxer-ogg: 62fdf1f143b41e24485cea50d1cbac27 -> 
  custom:video-encoder-webm-vp8: eb34c28f22e8b96e1ab97ce403110664 -> 
  custom:video-decoder-webm-vp8: 9c59270c3fd7afecdb556c50c9e8de78 -> 
  custom:audio-decoder-ogg-vorbis: bf7c407c2cedff20999df2af8eb42d56 -> 
  custom:audio-encoder-webm-vorbis: bf7c407c2cedff20999df2af8eb42d56 -> 
========================================================================
Received Import Request.
  path: Assets/Sprites/Sprites
  artifactKey: Guid(8fd4be0dc52c2c449b91d5e4ecac74a0) Importer(815301076,1909f56bfc062723c751e8b465ee728b)
Start importing Assets/Sprites/Sprites using Guid(8fd4be0dc52c2c449b91d5e4ecac74a0) Importer(815301076,1909f56bfc062723c751e8b465ee728b)  -> (artifact id: '4cada20d0458e6c0b0d4049a5984cadb') in 0.012051 seconds 
  Import took 0.016362 seconds .

========================================================================
Received Import Request.
  Time since last request: 0.000245 seconds.
  path: Assets/Sprites/Sprites/Shovel.png
  artifactKey: Guid(0df1ffbae69bcf34ab6dde178276cdb1) Importer(815301076,1909f56bfc062723c751e8b465ee728b)
Start importing Assets/Sprites/Sprites/Shovel.png using Guid(0df1ffbae69bcf34ab6dde178276cdb1) Importer(815301076,1909f56bfc062723c751e8b465ee728b)  -> (artifact id: 'd3a727e00b0b99d5efa0be9f8c148ec6') in 0.148598 seconds 
  Import took 0.152636 seconds .

========================================================================
Received Import Request.
  Time since last request: 0.000240 seconds.
  path: Assets/Scenes
  artifactKey: Guid(131a6b21c8605f84396be9f6751fb6e3) Importer(815301076,1909f56bfc062723c751e8b465ee728b)
Start importing Assets/Scenes using Guid(131a6b21c8605f84396be9f6751fb6e3) Importer(815301076,1909f56bfc062723c751e8b465ee728b)  -> (artifact id: 'df75b7d1a31c5b4f73fd45661b403b04') in 0.008024 seconds 
  Import took 0.011705 seconds .

========================================================================
Received Import Request.
  Time since last request: 0.000264 seconds.
  path: Assets/Sprites/Sprites/Game_Extras.png
  artifactKey: Guid(f837511e4b5176d408e87e42d9c31318) Importer(815301076,1909f56bfc062723c751e8b465ee728b)
Start importing Assets/Sprites/Sprites/Game_Extras.png using Guid(f837511e4b5176d408e87e42d9c31318) Importer(815301076,1909f56bfc062723c751e8b465ee728b)  -> (artifact id: '244f77de1c9d94a6613e54cef756ab7f') in 0.028784 seconds 
  Import took 0.032890 seconds .

========================================================================
Received Import Request.
  Time since last request: 0.000226 seconds.
  path: Assets/Sprites/Sprites/Miner_Elevator.png
  artifactKey: Guid(66968d70cd7099d4da38a88cbb90da67) Importer(815301076,1909f56bfc062723c751e8b465ee728b)
Start importing Assets/Sprites/Sprites/Miner_Elevator.png using Guid(66968d70cd7099d4da38a88cbb90da67) Importer(815301076,1909f56bfc062723c751e8b465ee728b)  -> (artifact id: 'eb92bde57b08c8c01f0f752b2ef6a06c') in 0.018865 seconds 
  Import took 0.022692 seconds .

========================================================================
Received Import Request.
  Time since last request: 0.000192 seconds.
  path: Assets/Sprites/Sprites/Icons.png
  artifactKey: Guid(fac238e9376ff2c4b8345c039dd663c1) Importer(815301076,1909f56bfc062723c751e8b465ee728b)
Start importing Assets/Sprites/Sprites/Icons.png using Guid(fac238e9376ff2c4b8345c039dd663c1) Importer(815301076,1909f56bfc062723c751e8b465ee728b)  -> (artifact id: '74f46c332dd6168a0c4bdfce12f5983c') in 0.019435 seconds 
  Import took 0.023542 seconds .

========================================================================
Received Import Request.
  Time since last request: 0.000193 seconds.
  path: Assets/Sprites/Sprites/Warehouse_Miner.png
  artifactKey: Guid(5d391c27ae3547f4f8deb1a8c1a1fdb4) Importer(815301076,1909f56bfc062723c751e8b465ee728b)
Start importing Assets/Sprites/Sprites/Warehouse_Miner.png using Guid(5d391c27ae3547f4f8deb1a8c1a1fdb4) Importer(815301076,1909f56bfc062723c751e8b465ee728b)  -> (artifact id: 'ae80f647d71eb45e4df1bf9252a2e184') in 0.018854 seconds 
  Import took 0.022753 seconds .

========================================================================
Received Import Request.
  Time since last request: 0.000265 seconds.
  path: Assets/Sprites/Sprites/UI.png
  artifactKey: Guid(217ca5da24a74eb4d817ccf2d523f261) Importer(815301076,1909f56bfc062723c751e8b465ee728b)
Start importing Assets/Sprites/Sprites/UI.png using Guid(217ca5da24a74eb4d817ccf2d523f261) Importer(815301076,1909f56bfc062723c751e8b465ee728b)  -> (artifact id: 'cd7f1995edf3d5ca1778319000565149') in 0.017618 seconds 
  Import took 0.021739 seconds .

========================================================================
Received Import Request.
  Time since last request: 0.000278 seconds.
  path: Assets/Sprites
  artifactKey: Guid(02491347d2d931d4e97f3549c462026c) Importer(815301076,1909f56bfc062723c751e8b465ee728b)
Start importing Assets/Sprites using Guid(02491347d2d931d4e97f3549c462026c) Importer(815301076,1909f56bfc062723c751e8b465ee728b)  -> (artifact id: '3aacc035aaf882ece5f9405ec56608e4') in 0.002867 seconds 
  Import took 0.007084 seconds .

========================================================================
Received Import Request.
  Time since last request: 0.000283 seconds.
  path: Assets/Sprites/Sprites/Manager.png
  artifactKey: Guid(69198392008abe6438291dd6a0a5646a) Importer(815301076,1909f56bfc062723c751e8b465ee728b)
Start importing Assets/Sprites/Sprites/Manager.png using Guid(69198392008abe6438291dd6a0a5646a) Importer(815301076,1909f56bfc062723c751e8b465ee728b)  -> (artifact id: 'ead48b58e1edc6a6b1fec16900c82c49') in 0.019363 seconds 
  Import took 0.023468 seconds .

========================================================================
Received Import Request.
  Time since last request: 0.000192 seconds.
  path: Assets/Sprites/Sprites/Miner.png
  artifactKey: Guid(1711310a4813a714a8eea041f679069f) Importer(815301076,1909f56bfc062723c751e8b465ee728b)
Start importing Assets/Sprites/Sprites/Miner.png using Guid(1711310a4813a714a8eea041f679069f) Importer(815301076,1909f56bfc062723c751e8b465ee728b)  -> (artifact id: '5461a616928efb0bc265c3e8d097734b') in 0.017632 seconds 
  Import took 0.021532 seconds .

========================================================================
Received Import Request.
  Time since last request: 0.000226 seconds.
  path: Assets/Sprites/Sprites/UI_Panel.png
  artifactKey: Guid(7f1173382f3b6854095c327ddd3b0221) Importer(815301076,1909f56bfc062723c751e8b465ee728b)
Start importing Assets/Sprites/Sprites/UI_Panel.png using Guid(7f1173382f3b6854095c327ddd3b0221) Importer(815301076,1909f56bfc062723c751e8b465ee728b)  -> (artifact id: '2008c99972dad551056833ce7594ebd1') in 0.016064 seconds 
  Import took 0.020481 seconds .

========================================================================
Received Import Request.
  Time since last request: 0.000188 seconds.
  path: Assets/Sprites/Sprites/Background.png
  artifactKey: Guid(d559288ebc2beac4a819a439bb0bcf3c) Importer(815301076,1909f56bfc062723c751e8b465ee728b)
Start importing Assets/Sprites/Sprites/Background.png using Guid(d559288ebc2beac4a819a439bb0bcf3c) Importer(815301076,1909f56bfc062723c751e8b465ee728b)  -> (artifact id: '87bfca6cb615a589516807dc14f19ff5') in 0.046650 seconds 
  Import took 0.050647 seconds .

========================================================================
Received Import Request.
  Time since last request: 117.265280 seconds.
  path: Assets/Sprites/Sprites/Game_Extras.png
  artifactKey: Guid(f837511e4b5176d408e87e42d9c31318) Importer(815301076,1909f56bfc062723c751e8b465ee728b)
Start importing Assets/Sprites/Sprites/Game_Extras.png using Guid(f837511e4b5176d408e87e42d9c31318) Importer(815301076,1909f56bfc062723c751e8b465ee728b)  -> (artifact id: '0808e356872c7e4ae5e559d6afee9724') in 0.014550 seconds 
  Import took 0.018816 seconds .

========================================================================
Received Import Request.
  Time since last request: 4.531421 seconds.
  path: Assets/Sprites/Sprites/Game_Extras.png
  artifactKey: Guid(f837511e4b5176d408e87e42d9c31318) Importer(815301076,1909f56bfc062723c751e8b465ee728b)
Start importing Assets/Sprites/Sprites/Game_Extras.png using Guid(f837511e4b5176d408e87e42d9c31318) Importer(815301076,1909f56bfc062723c751e8b465ee728b)  -> (artifact id: 'a51a9f658f9e64ec1b85fdbac03af02f') in 0.058105 seconds 
  Import took 0.062678 seconds .

========================================================================
Received Import Request.
  Time since last request: 33.956625 seconds.
  path: Assets/Sprites/Sprites/Game_Extras.png
  artifactKey: Guid(f837511e4b5176d408e87e42d9c31318) Importer(815301076,1909f56bfc062723c751e8b465ee728b)
Start importing Assets/Sprites/Sprites/Game_Extras.png using Guid(f837511e4b5176d408e87e42d9c31318) Importer(815301076,1909f56bfc062723c751e8b465ee728b)  -> (artifact id: 'd6c4939514054f429caac8f32e1bb84c') in 0.055960 seconds 
  Import took 0.060361 seconds .

========================================================================
Received Import Request.
  Time since last request: 127.044905 seconds.
  path: Assets/Sprites/Sprites/UI.png
  artifactKey: Guid(217ca5da24a74eb4d817ccf2d523f261) Importer(815301076,1909f56bfc062723c751e8b465ee728b)
Start importing Assets/Sprites/Sprites/UI.png using Guid(217ca5da24a74eb4d817ccf2d523f261) Importer(815301076,1909f56bfc062723c751e8b465ee728b)  -> (artifact id: '3480210d67b9c5ce5cb8d6df580af59b') in 0.013231 seconds 
  Import took 0.017644 seconds .

========================================================================
Received Import Request.
  Time since last request: 3.978434 seconds.
  path: Assets/Sprites/Sprites/UI.png
  artifactKey: Guid(217ca5da24a74eb4d817ccf2d523f261) Importer(815301076,1909f56bfc062723c751e8b465ee728b)
Start importing Assets/Sprites/Sprites/UI.png using Guid(217ca5da24a74eb4d817ccf2d523f261) Importer(815301076,1909f56bfc062723c751e8b465ee728b)  -> (artifact id: '5477ceae3201d6ecb94bdbe8dcb3a39c') in 0.066001 seconds 
  Import took 0.070268 seconds .

========================================================================
Received Prepare
Registering precompiled user dll's ...
Registered in 0.003081 seconds.
Begin MonoManager ReloadAssembly
Native extension for WindowsStandalone target not found
Native extension for WebGL target not found
Refreshing native plugins compatible for Editor in 0.69 ms, found 3 plugins.
Preloading 0 native plugins for Editor in 0.00 ms.
Mono: successfully reloaded assembly
- Completed reload, in  1.279 seconds
Domain Reload Profiling:
	ReloadAssembly (1280ms)
		BeginReloadAssembly (148ms)
			ExecutionOrderSort (0ms)
			DisableScriptedObjects (9ms)
			BackupInstance (0ms)
			ReleaseScriptingObjects (0ms)
			CreateAndSetChildDomain (45ms)
		EndReloadAssembly (1054ms)
			LoadAssemblies (125ms)
			RebuildTransferFunctionScriptingTraits (0ms)
			SetupTypeCache (366ms)
			ReleaseScriptCaches (1ms)
			RebuildScriptCaches (51ms)
			SetupLoadedEditorAssemblies (385ms)
				LogAssemblyErrors (0ms)
				InitializePlatformSupportModulesInManaged (7ms)
				SetLoadedEditorAssemblies (1ms)
				RefreshPlugins (1ms)
				BeforeProcessingInitializeOnLoad (102ms)
				ProcessInitializeOnLoadAttributes (252ms)
				ProcessInitializeOnLoadMethodAttributes (14ms)
				AfterProcessingInitializeOnLoad (8ms)
				EditorAssembliesLoaded (0ms)
			ExecutionOrderSort2 (0ms)
			AwakeInstancesAfterBackupRestoration (12ms)
Platform modules already initialized, skipping
Refreshing native plugins compatible for Editor in 0.68 ms, found 3 plugins.
Preloading 0 native plugins for Editor in 0.00 ms.
Unloading 2252 Unused Serialized files (Serialized files now loaded: 0)
System memory in use before: 102.5 MB.
System memory in use after: 101.9 MB.

Unloading 35 unused Assets to reduce memory usage. Loaded Objects now: 2719.
Total: 4.351300 ms (FindLiveObjects: 0.280400 ms CreateObjectMapping: 0.085700 ms MarkObjects: 3.493100 ms  DeleteObjects: 0.490600 ms)

AssetImportParameters requested are different than current active one (requested -> active):
  custom:framework-win-MediaFoundation: 216162199b28c13a410421893ffa2e32 -> 
  custom:video-decoder-ogg-theora: a1e56fd34408186e4bbccfd4996cb3dc -> 
  custom:container-muxer-webm: aa71ff27fc2769a1b78a27578f13a17b -> 
  custom:container-demuxer-webm: 4f35f7cbe854078d1ac9338744f61a02 -> 
  custom:container-demuxer-ogg: 62fdf1f143b41e24485cea50d1cbac27 -> 
  custom:video-encoder-webm-vp8: eb34c28f22e8b96e1ab97ce403110664 -> 
  custom:video-decoder-webm-vp8: 9c59270c3fd7afecdb556c50c9e8de78 -> 
  custom:audio-decoder-ogg-vorbis: bf7c407c2cedff20999df2af8eb42d56 -> 
  custom:audio-encoder-webm-vorbis: bf7c407c2cedff20999df2af8eb42d56 -> 
========================================================================
Received Import Request.
  Time since last request: 598.618770 seconds.
  path: Assets/Sprites/Sprites/Miner.png
  artifactKey: Guid(1711310a4813a714a8eea041f679069f) Importer(815301076,1909f56bfc062723c751e8b465ee728b)
Start importing Assets/Sprites/Sprites/Miner.png using Guid(1711310a4813a714a8eea041f679069f) Importer(815301076,1909f56bfc062723c751e8b465ee728b)  -> (artifact id: '62b92c85a457499f13e58dfd6c537ea5') in 0.068143 seconds 
  Import took 0.072956 seconds .

========================================================================
Received Import Request.
  Time since last request: 46.034079 seconds.
  path: Assets/Sprites/Sprites/Miner.png
  artifactKey: Guid(1711310a4813a714a8eea041f679069f) Importer(815301076,1909f56bfc062723c751e8b465ee728b)
Start importing Assets/Sprites/Sprites/Miner.png using Guid(1711310a4813a714a8eea041f679069f) Importer(815301076,1909f56bfc062723c751e8b465ee728b)  -> (artifact id: '52b3e293d12ca78ecfca4e5d99398bd0') in 0.017695 seconds 
  Import took 0.022119 seconds .

========================================================================
Received Import Request.
  Time since last request: 335.085755 seconds.
  path: Assets/Sprites/Sprites/Miner.png
  artifactKey: Guid(1711310a4813a714a8eea041f679069f) Importer(815301076,1909f56bfc062723c751e8b465ee728b)
Start importing Assets/Sprites/Sprites/Miner.png using Guid(1711310a4813a714a8eea041f679069f) Importer(815301076,1909f56bfc062723c751e8b465ee728b)  -> (artifact id: '15d8c5be61067ae8cd39718559492b42') in 0.018835 seconds 
  Import took 0.023488 seconds .

========================================================================
Received Import Request.
  Time since last request: 154.956875 seconds.
  path: Assets/Sprites/Sprites/Miner.png
  artifactKey: Guid(1711310a4813a714a8eea041f679069f) Importer(815301076,1909f56bfc062723c751e8b465ee728b)
Start importing Assets/Sprites/Sprites/Miner.png using Guid(1711310a4813a714a8eea041f679069f) Importer(815301076,1909f56bfc062723c751e8b465ee728b)  -> (artifact id: '8b7d1b77b98542fad190447fc41ab25c') in 0.019171 seconds 
  Import took 0.023420 seconds .

========================================================================
Received Import Request.
  Time since last request: 126.700746 seconds.
  path: Assets/Sprites/Sprites/Miner.png
  artifactKey: Guid(1711310a4813a714a8eea041f679069f) Importer(815301076,1909f56bfc062723c751e8b465ee728b)
Start importing Assets/Sprites/Sprites/Miner.png using Guid(1711310a4813a714a8eea041f679069f) Importer(815301076,1909f56bfc062723c751e8b465ee728b)  -> (artifact id: 'f2a6c6c98db43c3430833be46c18a7ba') in 0.019260 seconds 
  Import took 0.023834 seconds .

========================================================================
Received Import Request.
  Time since last request: 484.455932 seconds.
  path: Assets/Sprites/Sprites/Miner.png
  artifactKey: Guid(1711310a4813a714a8eea041f679069f) Importer(815301076,1909f56bfc062723c751e8b465ee728b)
Start importing Assets/Sprites/Sprites/Miner.png using Guid(1711310a4813a714a8eea041f679069f) Importer(815301076,1909f56bfc062723c751e8b465ee728b)  -> (artifact id: '208e914fc0d5a6e816484f79f1429d38') in 0.013450 seconds 
  Import took 0.018396 seconds .

========================================================================
Received Import Request.
  Time since last request: 28.769559 seconds.
  path: Assets/Sprites/Sprites/Miner.png
  artifactKey: Guid(1711310a4813a714a8eea041f679069f) Importer(815301076,1909f56bfc062723c751e8b465ee728b)
Start importing Assets/Sprites/Sprites/Miner.png using Guid(1711310a4813a714a8eea041f679069f) Importer(815301076,1909f56bfc062723c751e8b465ee728b)  -> (artifact id: '57ee00c79e0c23bf198305060dc4de22') in 0.051584 seconds 
  Import took 0.055874 seconds .

========================================================================
Received Import Request.
  Time since last request: 157.788784 seconds.
  path: Assets/Sprites/Sprites/Miner.png
  artifactKey: Guid(1711310a4813a714a8eea041f679069f) Importer(815301076,1909f56bfc062723c751e8b465ee728b)
Start importing Assets/Sprites/Sprites/Miner.png using Guid(1711310a4813a714a8eea041f679069f) Importer(815301076,1909f56bfc062723c751e8b465ee728b)  -> (artifact id: 'e330fd5e684c41dd2e7bfdaaa0983cc3') in 0.051913 seconds 
  Import took 0.056465 seconds .

========================================================================
Received Import Request.
  Time since last request: 9.669747 seconds.
  path: Assets/Sprites/Sprites/Miner.png
  artifactKey: Guid(1711310a4813a714a8eea041f679069f) Importer(815301076,1909f56bfc062723c751e8b465ee728b)
Start importing Assets/Sprites/Sprites/Miner.png using Guid(1711310a4813a714a8eea041f679069f) Importer(815301076,1909f56bfc062723c751e8b465ee728b)  -> (artifact id: 'a30dc4f4e8f07b4eb9a08d746743e7ed') in 0.042342 seconds 
  Import took 0.046924 seconds .

========================================================================
Received Import Request.
  Time since last request: 16.180732 seconds.
  path: Assets/Sprites/Sprites/Miner.png
  artifactKey: Guid(1711310a4813a714a8eea041f679069f) Importer(815301076,1909f56bfc062723c751e8b465ee728b)
Start importing Assets/Sprites/Sprites/Miner.png using Guid(1711310a4813a714a8eea041f679069f) Importer(815301076,1909f56bfc062723c751e8b465ee728b)  -> (artifact id: 'f199cd3d7d256a519e417c19222ffe46') in 0.046165 seconds 
  Import took 0.050464 seconds .

========================================================================
Received Import Request.
  Time since last request: 348.308106 seconds.
  path: Assets/Sprites/Sprites/Miner.png
  artifactKey: Guid(1711310a4813a714a8eea041f679069f) Importer(815301076,1909f56bfc062723c751e8b465ee728b)
Start importing Assets/Sprites/Sprites/Miner.png using Guid(1711310a4813a714a8eea041f679069f) Importer(815301076,1909f56bfc062723c751e8b465ee728b)  -> (artifact id: '14e4adc3f9ee76c963d8a3b4236d291d') in 0.017011 seconds 
  Import took 0.021810 seconds .

AssetImportWorkerClient::OnTransportError - code=2 error=End of file
